<?xml version="1.0" encoding="UTF-8"?>
<!-- Generated by org.testng.reporters.JUnitReportReporter -->
<testsuite hostname="DESKTOP-LBD5C48" failures="0" tests="1" name="com.medevantage.testCases.SignUp_Test" time="829.902" errors="0" timestamp="2022-09-01T17:28:34 IST" skipped="0">
  <testcase classname="com.medevantage.testCases.SignUp_Test" name="SignUp_New_User" time="829.902"/>
  <system-out/>
</testsuite> <!-- com.medevantage.testCases.SignUp_Test -->
