<?xml version="1.0" encoding="UTF-8"?>
<!-- Generated by org.testng.reporters.JUnitReportReporter -->
<testsuite hostname="DESKTOP-LBD5C48" failures="0" tests="1" name="com.medevantage.testCases.SignIn_Test" time="209.103" errors="0" timestamp="2022-09-02T17:37:36 IST" skipped="0">
  <testcase classname="com.medevantage.testCases.SignIn_Test" name="SignIn" time="209.103"/>
  <system-out/>
</testsuite> <!-- com.medevantage.testCases.SignIn_Test -->
