<?xml version="1.0" encoding="UTF-8"?>
<!-- Generated by org.testng.reporters.JUnitReportReporter -->
<testsuite hostname="DESKTOP-LBD5C48" failures="0" tests="1" name="com.medevantage.Utility.DataGenerator" time="96.535" errors="0" timestamp="2022-07-25T17:10:06 IST" skipped="0">
  <testcase classname="com.medevantage.Utility.DataGenerator" name="SignIn" time="96.535"/>
  <system-out/>
</testsuite> <!-- com.medevantage.Utility.DataGenerator -->
