<?xml version="1.0" encoding="UTF-8"?>
<!-- Generated by org.testng.reporters.JUnitReportReporter -->
<testsuite hostname="DESKTOP-LBD5C48" failures="0" tests="7" name="com.medevantage.testCases.BookApt_Test" time="253.861" errors="0" timestamp="2022-08-19T16:46:47 IST" skipped="6">
  <testcase classname="com.medevantage.testCases.BookApt_Test" name="booked_Appt_For_General_Follow_up" time="253.861"/>
  <system-out/>
  <testcase classname="com.medevantage.testCases.BookApt_Test" name="booked_Appt_For_Sick_Visit">
    <skipped/>
  </testcase> <!-- booked_Appt_For_Sick_Visit -->
  <system-out/>
  <testcase classname="com.medevantage.testCases.BookApt_Test" name="booked_Appt_For_Medicare_Sick_Visit">
    <skipped/>
  </testcase> <!-- booked_Appt_For_Medicare_Sick_Visit -->
  <system-out/>
  <testcase classname="com.medevantage.testCases.BookApt_Test" name="booked_Appt_For_Ancillary_and_Vaccination">
    <skipped/>
  </testcase> <!-- booked_Appt_For_Ancillary_and_Vaccination -->
  <system-out/>
  <testcase classname="com.medevantage.testCases.BookApt_Test" name="booked_Appt_For_Well_Vsit">
    <skipped/>
  </testcase> <!-- booked_Appt_For_Well_Vsit -->
  <system-out/>
  <testcase classname="com.medevantage.testCases.BookApt_Test" name="booked_Appt_For_Annual_physical">
    <skipped/>
  </testcase> <!-- booked_Appt_For_Annual_physical -->
  <system-out/>
  <testcase classname="com.medevantage.testCases.BookApt_Test" name="booked_Appt_For_PreOp_Clearance">
    <skipped/>
  </testcase> <!-- booked_Appt_For_PreOp_Clearance -->
  <system-out/>
</testsuite> <!-- com.medevantage.testCases.BookApt_Test -->
