<?xml version="1.0" encoding="UTF-8"?>
<!-- Generated by org.testng.reporters.JUnitReportReporter -->
<testsuite hostname="DESKTOP-LBD5C48" failures="0" tests="1" name="com.medevantage.tests.SignUp_Test" time="479.225" errors="0" timestamp="2022-07-18T15:48:24 IST" skipped="0">
  <testcase classname="com.medevantage.tests.SignUp_Test" name="SignUp_User" time="479.225"/>
  <system-out/>
</testsuite> <!-- com.medevantage.tests.SignUp_Test -->
