<?xml version="1.0" encoding="UTF-8"?>
<!-- Generated by org.testng.reporters.JUnitReportReporter -->
<testsuite hostname="DESKTOP-LBD5C48" failures="0" tests="9" name="com.medevantage.testCases.Book_Appt_as_caregiverPatient_Test" time="1853.239" errors="0" timestamp="2022-09-15T16:14:55 IST" skipped="0">
  <testcase classname="com.medevantage.testCases.Book_Appt_as_caregiverPatient_Test" name="signIn_toSelect_caregiverPatient" time="375.306"/>
  <system-out/>
  <testcase classname="com.medevantage.testCases.Book_Appt_as_caregiverPatient_Test" name="patientDashboard" time="120.203"/>
  <system-out/>
  <testcase classname="com.medevantage.testCases.Book_Appt_as_caregiverPatient_Test" name="search_Provider_byName" time="132.050"/>
  <system-out/>
  <testcase classname="com.medevantage.testCases.Book_Appt_as_caregiverPatient_Test" name="booking_Appt_For_General_Follow_up" time="253.702"/>
  <system-out/>
  <testcase classname="com.medevantage.testCases.Book_Appt_as_caregiverPatient_Test" name="book_Slot" time="183.204"/>
  <system-out/>
  <testcase classname="com.medevantage.testCases.Book_Appt_as_caregiverPatient_Test" name="Appointment_Conf" time="111.415"/>
  <system-out/>
  <testcase classname="com.medevantage.testCases.Book_Appt_as_caregiverPatient_Test" name="cancel_Appointment" time="226.262"/>
  <system-out/>
  <testcase classname="com.medevantage.testCases.Book_Appt_as_caregiverPatient_Test" name="reschedule_Appointment" time="339.948"/>
  <system-out/>
  <testcase classname="com.medevantage.testCases.Book_Appt_as_caregiverPatient_Test" name="Reschedule_Appointment_Conf" time="111.149"/>
  <system-out/>
</testsuite> <!-- com.medevantage.testCases.Book_Appt_as_caregiverPatient_Test -->
