<?xml version="1.0" encoding="UTF-8"?>
<!-- Generated by org.testng.reporters.JUnitReportReporter -->
<testsuite hostname="DESKTOP-LBD5C48" failures="0" tests="1" name="com.medevantage.tests.Dashboard_Test" time="72.777" errors="0" timestamp="2022-07-18T12:18:13 IST" skipped="0">
  <testcase classname="com.medevantage.tests.Dashboard_Test" name="SignIn" time="72.777"/>
  <system-out/>
</testsuite> <!-- com.medevantage.tests.Dashboard_Test -->
