<?xml version="1.0" encoding="UTF-8"?>
<!-- Generated by org.testng.reporters.JUnitReportReporter -->
<testsuite hostname="DESKTOP-LBD5C48" failures="0" tests="1" name="com.medevantage.tests.SelectPatient_Test" time="164.322" errors="0" timestamp="2022-07-18T14:50:12 IST" skipped="0">
  <testcase classname="com.medevantage.tests.SelectPatient_Test" name="SignIn" time="164.322"/>
  <system-out/>
</testsuite> <!-- com.medevantage.tests.SelectPatient_Test -->
