<?xml version="1.0" encoding="UTF-8"?>
<!-- Generated by org.testng.reporters.JUnitReportReporter -->
<testsuite hostname="DESKTOP-LBD5C48" failures="0" tests="1" name="testCases.SignInPageTest" time="37.412" errors="0" timestamp="2022-06-15T23:33:03 IST" skipped="0">
  <testcase classname="testCases.SignInPageTest" name="SignIn" time="37.412"/>
  <system-out/>
</testsuite> <!-- testCases.SignInPageTest -->
