<?xml version="1.0" encoding="UTF-8"?>
<!-- Generated by org.testng.reporters.JUnitReportReporter -->
<testsuite hostname="DESKTOP-LBD5C48" failures="0" tests="5" name="com.medevantage.testCases.Caregiver_Test" time="2403.680" errors="0" timestamp="2022-09-13T14:48:39 IST" skipped="0">
  <testcase classname="com.medevantage.testCases.Caregiver_Test" name="CaregiverUserA1_SignIn_to_send_caregiver_request" time="207.711"/>
  <system-out/>
  <testcase classname="com.medevantage.testCases.Caregiver_Test" name="Req_To_Other_Record_caregiver_request_send" time="417.304"/>
  <system-out/>
  <testcase classname="com.medevantage.testCases.Caregiver_Test" name="CaregiverUserB1_SignIn_to_approve_caregiver_request" time="590.556"/>
  <system-out/>
  <testcase classname="com.medevantage.testCases.Caregiver_Test" name="CaregiverUserB2_SignIn_to_revokeCaregiver_request" time="704.280"/>
  <system-out/>
  <testcase classname="com.medevantage.testCases.Caregiver_Test" name="CaregiverUserA3_SignIn_to_check_patient_removed_from_list" time="483.829"/>
  <system-out/>
</testsuite> <!-- com.medevantage.testCases.Caregiver_Test -->
