<?xml version="1.0" encoding="UTF-8"?>
<!-- Generated by org.testng.reporters.JUnitReportReporter -->
<testsuite hostname="DESKTOP-LBD5C48" failures="0" tests="1" name="com.medevantage.testCases.NextButton_Test" time="52.157" errors="0" timestamp="2022-08-03T12:52:26 IST" skipped="0">
  <testcase classname="com.medevantage.testCases.NextButton_Test" name="NextClick" time="52.157"/>
  <system-out/>
</testsuite> <!-- com.medevantage.testCases.NextButton_Test -->
