<?xml version="1.0" encoding="UTF-8"?>
<!-- Generated by org.testng.reporters.JUnitReportReporter -->
<testsuite hostname="DESKTOP-LBD5C48" failures="0" tests="1" name="com.medevantage.Utility.SignInTest" time="194.751" errors="0" timestamp="2022-07-25T17:45:03 IST" skipped="0">
  <testcase classname="com.medevantage.Utility.SignInTest" name="SignIn" time="194.751"/>
  <system-out/>
</testsuite> <!-- com.medevantage.Utility.SignInTest -->
