<?xml version="1.0" encoding="UTF-8"?>
<!-- Generated by org.testng.reporters.JUnitReportReporter -->
<testsuite hostname="DESKTOP-LBD5C48" failures="0" tests="9" name="com.medevantage.testCases.Provider_Search_Test" time="1629.310" errors="0" timestamp="2022-09-20T13:43:56 IST" skipped="1">
  <testcase classname="com.medevantage.testCases.Provider_Search_Test" name="patientDashboard" time="131.959"/>
  <system-out/>
  <testcase classname="com.medevantage.testCases.Provider_Search_Test" name="provider_Search_bySpeciality_and_byLocayion" time="244.845"/>
  <system-out/>
  <testcase classname="com.medevantage.testCases.Provider_Search_Test" name="booked_Appt_For_Medicare_Sick_Visit" time="254.142"/>
  <system-out/>
  <testcase classname="com.medevantage.testCases.Provider_Search_Test" name="book_Slot" time="186.488"/>
  <system-out/>
  <testcase classname="com.medevantage.testCases.Provider_Search_Test" name="Appointment_Conf" time="111.562"/>
  <system-out/>
  <testcase classname="com.medevantage.testCases.Provider_Search_Test" name="cancel_Appointment" time="226.388"/>
  <system-out/>
  <testcase classname="com.medevantage.testCases.Provider_Search_Test" name="reschedule_Appointment" time="342.424"/>
  <system-out/>
  <testcase classname="com.medevantage.testCases.Provider_Search_Test" name="Reschedule_Appointment_Conf" time="131.502"/>
  <system-out/>
  <testcase classname="com.medevantage.testCases.Provider_Search_Test" name="provider_Search_bySpeciality">
    <skipped/>
  </testcase> <!-- provider_Search_bySpeciality -->
  <system-out/>
</testsuite> <!-- com.medevantage.testCases.Provider_Search_Test -->
