<?xml version="1.0" encoding="UTF-8"?>
<!-- Generated by org.testng.reporters.JUnitReportReporter -->
<testsuite hostname="DESKTOP-LBD5C48" failures="0" tests="3" name="com.medevantage.testCases.Manage_Other_Records_Test" time="310.426" errors="0" timestamp="2022-09-15T14:08:06 IST" skipped="0">
  <testcase classname="com.medevantage.testCases.Manage_Other_Records_Test" name="pending_Req" time="103.732"/>
  <system-out/>
  <testcase classname="com.medevantage.testCases.Manage_Other_Records_Test" name="approved_Req" time="51.088"/>
  <system-out/>
  <testcase classname="com.medevantage.testCases.Manage_Other_Records_Test" name="rejected_Req" time="155.606"/>
  <system-out/>
</testsuite> <!-- com.medevantage.testCases.Manage_Other_Records_Test -->
