<?xml version="1.0" encoding="UTF-8"?>
<!-- Generated by org.testng.reporters.JUnitReportReporter -->
<testsuite hostname="DESKTOP-LBD5C48" failures="0" tests="1" name="com.medevantage.testCases.LinkSelfPatientRecord_Test" time="238.198" errors="0" timestamp="2022-09-22T17:28:03 IST" skipped="0">
  <testcase classname="com.medevantage.testCases.LinkSelfPatientRecord_Test" name="self_Link" time="238.198"/>
  <system-out/>
</testsuite> <!-- com.medevantage.testCases.LinkSelfPatientRecord_Test -->
