<?xml version="1.0" encoding="UTF-8"?>
<!-- Generated by org.testng.reporters.JUnitReportReporter -->
<testsuite hostname="DESKTOP-LBD5C48" failures="0" tests="1" name="com.medevantage.tests.SignUpTest" time="479.379" errors="0" timestamp="2022-07-09T15:57:28 IST" skipped="0">
  <testcase classname="com.medevantage.tests.SignUpTest" name="SignUp_User" time="479.379"/>
  <system-out/>
</testsuite> <!-- com.medevantage.tests.SignUpTest -->
