<?xml version="1.0" encoding="UTF-8"?>
<!-- Generated by org.testng.reporters.JUnitReportReporter -->
<testsuite hostname="DESKTOP-LBD5C48" failures="0" tests="1" name="testCases.BaseClass" time="0.073" errors="0" timestamp="2022-06-13T23:21:19 IST" skipped="0">
  <testcase classname="testCases.BaseClass" name="sampleTest" time="0.073"/>
  <system-out/>
</testsuite> <!-- testCases.BaseClass -->
