<?xml version="1.0" encoding="UTF-8"?>
<!-- Generated by org.testng.reporters.JUnitReportReporter -->
<testsuite hostname="DESKTOP-LBD5C48" failures="0" tests="1" name="com.medevantage.tests.LinkSelfPatientRecord_Test" time="51.948" errors="0" timestamp="2022-07-18T13:39:26 IST" skipped="0">
  <testcase classname="com.medevantage.tests.LinkSelfPatientRecord_Test" name="selfLink" time="51.948"/>
  <system-out/>
</testsuite> <!-- com.medevantage.tests.LinkSelfPatientRecord_Test -->
