<?xml version="1.0" encoding="UTF-8"?>
<!-- Generated by org.testng.reporters.JUnitReportReporter -->
<testsuite hostname="DESKTOP-LBD5C48" failures="0" tests="1" name="com.medevantage.testCases.BookAppointment_Test" time="217.244" errors="0" timestamp="2022-07-21T14:08:25 IST" skipped="0">
  <testcase classname="com.medevantage.testCases.BookAppointment_Test" name="Book_Appointment" time="217.244"/>
  <system-out/>
</testsuite> <!-- com.medevantage.testCases.BookAppointment_Test -->
