<?xml version="1.0" encoding="UTF-8"?>
<!-- Generated by org.testng.reporters.JUnitReportReporter -->
<testsuite hostname="DESKTOP-LBD5C48" failures="0" tests="1" name="com.medevantage.testCases.ForgotPassword_Test" time="726.950" errors="0" timestamp="2022-08-30T16:16:37 IST" skipped="0">
  <testcase classname="com.medevantage.testCases.ForgotPassword_Test" name="Forgot_Password" time="726.950"/>
  <system-out/>
</testsuite> <!-- com.medevantage.testCases.ForgotPassword_Test -->
