<?xml version="1.0" encoding="UTF-8"?>
<!-- Generated by org.testng.reporters.JUnitReportReporter -->
<testsuite hostname="DESKTOP-LBD5C48" failures="0" tests="2" name="com.medevantage.pages.DataProvderSignUp" time="0.011" errors="0" timestamp="2022-07-09T13:37:15 IST" skipped="0">
  <testcase classname="com.medevantage.pages.DataProvderSignUp" name="myTest" time="0.009"/>
  <system-out/>
  <testcase classname="com.medevantage.pages.DataProvderSignUp" name="myTest" time="0.002"/>
  <system-out/>
</testsuite> <!-- com.medevantage.pages.DataProvderSignUp -->
