<?xml version="1.0" encoding="UTF-8"?>
<!-- Generated by org.testng.reporters.JUnitReportReporter -->
<testsuite hostname="DESKTOP-LBD5C48" failures="0" tests="1" name="com.medevantage.testCases.SetDate" time="112.201" errors="0" timestamp="2022-07-29T12:01:39 IST" skipped="0">
  <testcase classname="com.medevantage.testCases.SetDate" name="self_Link" time="112.201"/>
  <system-out/>
</testsuite> <!-- com.medevantage.testCases.SetDate -->
