<?xml version="1.0" encoding="UTF-8"?>
<!-- Generated by org.testng.reporters.JUnitReportReporter -->
<testsuite hostname="DESKTOP-LBD5C48" failures="0" tests="1" name="com.medevantage.tests.ForgotPassword_Test" time="214.513" errors="0" timestamp="2022-07-12T13:00:59 IST" skipped="0">
  <testcase classname="com.medevantage.tests.ForgotPassword_Test" name="ForgotPassword" time="214.513"/>
  <system-out/>
</testsuite> <!-- com.medevantage.tests.ForgotPassword_Test -->
