<?xml version="1.0" encoding="UTF-8"?>
<!-- Generated by org.testng.reporters.JUnitReportReporter -->
<testsuite hostname="DESKTOP-LBD5C48" failures="0" tests="1" name="com.medevantage.tests.SignInTest" time="194.243" errors="0" timestamp="2022-07-11T15:35:44 IST" skipped="0">
  <testcase classname="com.medevantage.tests.SignInTest" name="SignIn" time="194.243"/>
  <system-out/>
</testsuite> <!-- com.medevantage.tests.SignInTest -->
