<?xml version="1.0" encoding="UTF-8"?>
<!-- Generated by org.testng.reporters.JUnitReportReporter -->
<testsuite hostname="DESKTOP-LBD5C48" failures="0" tests="1" name="com.medevantage.testCases.CancelApt_Test" time="122.328" errors="0" timestamp="2022-08-26T15:14:23 IST" skipped="0">
  <testcase classname="com.medevantage.testCases.CancelApt_Test" name="cancel_Appointment" time="122.328"/>
  <system-out/>
</testsuite> <!-- com.medevantage.testCases.CancelApt_Test -->
