<?xml version="1.0" encoding="UTF-8"?>
<!-- Generated by org.testng.reporters.JUnitReportReporter -->
<testsuite hostname="DESKTOP-LBD5C48" failures="0" tests="1" name="com.medevantage.testCases.SelectPatient_Test" time="92.963" errors="0" timestamp="2022-09-06T17:01:12 IST" skipped="0">
  <testcase classname="com.medevantage.testCases.SelectPatient_Test" name="Select_Patient" time="92.963"/>
  <system-out/>
</testsuite> <!-- com.medevantage.testCases.SelectPatient_Test -->
